<?xml version="1.0" encoding="UTF-8"?>
<testng-results ignored="0" total="5" passed="5" failed="0" skipped="0">
  <reporter-output>
    <line>
      <![CDATA[Browser opened]]>
    </line>
    <line>
      <![CDATA[Login Successfully]]>
    </line>
    <line>
      <![CDATA[About to quit]]>
    </line>
    <line>
      <![CDATA[Successfully quit]]>
    </line>
    <line>
      <![CDATA[Browser opened]]>
    </line>
    <line>
      <![CDATA[Login Successfully]]>
    </line>
    <line>
      <![CDATA[About to quit]]>
    </line>
    <line>
      <![CDATA[Successfully quit]]>
    </line>
  </reporter-output>
  <suite started-at="2022-08-23T06:39:30Z" name="Suite" finished-at="2022-08-23T06:43:45Z" duration-ms="254463">
    <groups>
    </groups>
    <test started-at="2022-08-23T06:39:30Z" name="Test" finished-at="2022-08-23T06:43:45Z" duration-ms="254463">
      <class name="testCases.LoginTest">
        <test-method is-config="true" signature="configBC()[pri:0, instance:testCases.LoginTest@3af0a9da]" started-at="2022-08-23T06:39:30Z" name="configBC" finished-at="2022-08-23T06:39:36Z" duration-ms="5291" status="PASS">
          <reporter-output>
            <line>
              <![CDATA[Browser opened]]>
            </line>
          </reporter-output>
        </test-method> <!-- configBC -->
        <test-method signature="loginTestCases()[pri:1, instance:testCases.LoginTest@3af0a9da]" started-at="2022-08-23T06:39:36Z" name="loginTestCases" finished-at="2022-08-23T06:40:21Z" duration-ms="44815" status="PASS">
          <reporter-output>
            <line>
              <![CDATA[Login Successfully]]>
            </line>
          </reporter-output>
        </test-method> <!-- loginTestCases -->
        <test-method signature="homeTestCases()[pri:2, instance:testCases.LoginTest@3af0a9da]" started-at="2022-08-23T06:40:21Z" name="homeTestCases" finished-at="2022-08-23T06:40:43Z" duration-ms="22050" status="PASS">
          <reporter-output>
          </reporter-output>
        </test-method> <!-- homeTestCases -->
        <test-method signature="PLPTestCases()[pri:3, instance:testCases.LoginTest@3af0a9da]" started-at="2022-08-23T06:40:43Z" name="PLPTestCases" finished-at="2022-08-23T06:41:03Z" duration-ms="20868" status="PASS">
          <reporter-output>
          </reporter-output>
        </test-method> <!-- PLPTestCases -->
        <test-method signature="cartTestCases()[pri:4, instance:testCases.LoginTest@3af0a9da]" started-at="2022-08-23T06:41:03Z" name="cartTestCases" finished-at="2022-08-23T06:42:07Z" duration-ms="63163" status="PASS">
          <reporter-output>
          </reporter-output>
        </test-method> <!-- cartTestCases -->
        <test-method is-config="true" signature="configAc()[pri:0, instance:testCases.LoginTest@3af0a9da]" started-at="2022-08-23T06:42:07Z" name="configAc" finished-at="2022-08-23T06:42:10Z" duration-ms="3268" status="PASS">
          <reporter-output>
            <line>
              <![CDATA[About to quit]]>
            </line>
            <line>
              <![CDATA[Successfully quit]]>
            </line>
          </reporter-output>
        </test-method> <!-- configAc -->
      </class> <!-- testCases.LoginTest -->
      <class name="testCases.CheckoutTest">
        <test-method is-config="true" signature="configBC()[pri:0, instance:testCases.CheckoutTest@59e505b2]" started-at="2022-08-23T06:42:10Z" name="configBC" finished-at="2022-08-23T06:42:14Z" duration-ms="4625" status="PASS">
          <reporter-output>
            <line>
              <![CDATA[Browser opened]]>
            </line>
          </reporter-output>
        </test-method> <!-- configBC -->
        <test-method signature="checkOutTestCases()[pri:5, instance:testCases.CheckoutTest@59e505b2]" started-at="2022-08-23T06:42:14Z" name="checkOutTestCases" finished-at="2022-08-23T06:43:42Z" duration-ms="87181" status="PASS">
          <reporter-output>
            <line>
              <![CDATA[Login Successfully]]>
            </line>
          </reporter-output>
        </test-method> <!-- checkOutTestCases -->
        <test-method is-config="true" signature="configAc()[pri:0, instance:testCases.CheckoutTest@59e505b2]" started-at="2022-08-23T06:43:42Z" name="configAc" finished-at="2022-08-23T06:43:45Z" duration-ms="3152" status="PASS">
          <reporter-output>
            <line>
              <![CDATA[About to quit]]>
            </line>
            <line>
              <![CDATA[Successfully quit]]>
            </line>
          </reporter-output>
        </test-method> <!-- configAc -->
      </class> <!-- testCases.CheckoutTest -->
    </test> <!-- Test -->
  </suite> <!-- Suite -->
</testng-results>
