<?xml version="1.0" encoding="UTF-8"?>
<!-- Generated by org.testng.reporters.JUnitXMLReporter -->
<testsuite ignored="0" hostname="TYSS-Aishwarya" failures="0" tests="5" name="Test" time="254.463" errors="0" timestamp="23 Aug 2022 06:43:45 GMT">
  <testcase classname="testCases.LoginTest" name="loginTestCases" time="44.815"/>
  <testcase classname="testCases.LoginTest" name="homeTestCases" time="22.05"/>
  <testcase classname="testCases.LoginTest" name="PLPTestCases" time="20.868"/>
  <testcase classname="testCases.LoginTest" name="cartTestCases" time="63.163"/>
  <testcase classname="testCases.CheckoutTest" name="checkOutTestCases" time="87.181"/>
</testsuite> <!-- Test -->
